<?xml version="1.0" encoding="UTF-8"?>
<!-- Generated by org.testng.reporters.JUnitReportReporter -->
<testsuite hostname="DESKTOP-UE8LSC2" failures="0" tests="5" name="project1.Maven_project.Facbk_DataPrvdr_132" time="37.360" errors="0" timestamp="2024-04-28T16:57:02 IST" skipped="0">
  <testcase classname="project1.Maven_project.Facbk_DataPrvdr_132" name="login_to_amazon" time="8.973"/>
  <system-out/>
  <testcase classname="project1.Maven_project.Facbk_DataPrvdr_132" name="login_to_amazon" time="7.457"/>
  <system-out/>
  <testcase classname="project1.Maven_project.Facbk_DataPrvdr_132" name="login_to_amazon" time="6.623"/>
  <system-out/>
  <testcase classname="project1.Maven_project.Facbk_DataPrvdr_132" name="login_to_amazon" time="6.902"/>
  <system-out/>
  <testcase classname="project1.Maven_project.Facbk_DataPrvdr_132" name="login_to_amazon" time="7.405"/>
  <system-out/>
</testsuite> <!-- project1.Maven_project.Facbk_DataPrvdr_132 -->
