<?xml version="1.0" encoding="UTF-8"?>
<!-- Generated by org.testng.reporters.JUnitReportReporter -->
<testsuite hostname="DESKTOP-UE8LSC2" failures="0" tests="1" name="assertion.Howtopass_testcase" time="0.017" errors="0" timestamp="2024-05-05T21:43:34 IST" skipped="0">
  <testcase classname="assertion.Howtopass_testcase" name="testcase1" time="0.017"/>
  <system-out/>
</testsuite> <!-- assertion.Howtopass_testcase -->
