<?xml version="1.0" encoding="UTF-8"?>
<!-- Generated by org.testng.reporters.JUnitReportReporter -->
<testsuite hostname="DESKTOP-UE8LSC2" failures="0" tests="1" name="parameters_annotation.Choosing_browser" time="12.889" errors="0" timestamp="2024-05-20T13:49:51 IST" skipped="0">
  <testcase classname="parameters_annotation.Choosing_browser" name="google" time="12.889"/>
  <system-out/>
</testsuite> <!-- parameters_annotation.Choosing_browser -->
