<?xml version="1.0" encoding="UTF-8"?>
<!-- Generated by org.testng.reporters.JUnitReportReporter -->
<testsuite hostname="DESKTOP-UE8LSC2" failures="0" tests="1" name="assertion.Google_search" time="14.635" errors="0" timestamp="2024-05-05T22:41:33 IST" skipped="0">
  <testcase classname="assertion.Google_search" name="search" time="14.635"/>
  <system-out/>
</testsuite> <!-- assertion.Google_search -->
