<?xml version="1.0" encoding="UTF-8"?>
<!-- Generated by org.testng.reporters.JUnitReportReporter -->
<testsuite hostname="DESKTOP-UE8LSC2" failures="0" tests="4" name="project1.Maven_project.Test_annotation" time="10.458" errors="0" timestamp="2024-04-28T17:30:36 IST" skipped="0">
  <testcase classname="project1.Maven_project.Test_annotation" name="login" time="8.132"/>
  <system-out/>
  <testcase classname="project1.Maven_project.Test_annotation" name="search" time="0.127"/>
  <system-out/>
  <testcase classname="project1.Maven_project.Test_annotation" name="search" time="1.634"/>
  <system-out/>
  <testcase classname="project1.Maven_project.Test_annotation" name="logout" time="0.565"/>
  <system-out/>
</testsuite> <!-- project1.Maven_project.Test_annotation -->
