<?xml version="1.0" encoding="UTF-8"?>
<!-- Generated by org.testng.reporters.JUnitReportReporter -->
<testsuite hostname="DESKTOP-UE8LSC2" failures="0" tests="2" name="TEST_annotation.Invocation_count" time="23.502" errors="0" timestamp="2024-04-30T13:25:50 IST" skipped="0">
  <testcase classname="TEST_annotation.Invocation_count" name="flipkart_login" time="12.054"/>
  <system-out/>
  <testcase classname="TEST_annotation.Invocation_count" name="facebook_login" time="11.448"/>
  <system-out/>
</testsuite> <!-- TEST_annotation.Invocation_count -->
