<?xml version="1.0" encoding="UTF-8"?>
<!-- Generated by org.testng.reporters.JUnitReportReporter -->
<testsuite hostname="DESKTOP-UE8LSC2" failures="0" tests="3" name="test_package.Parallel_test" time="100.538" errors="0" timestamp="2024-06-04T22:44:01 IST" skipped="0">
  <testcase classname="test_package.Parallel_test" name="parallel" time="55.421"/>
  <system-out/>
  <testcase classname="test_package.Parallel_test" name="parallel" time="23.320"/>
  <system-out/>
  <testcase classname="test_package.Parallel_test" name="parallel" time="21.797"/>
  <system-out/>
</testsuite> <!-- test_package.Parallel_test -->
