<?xml version="1.0" encoding="UTF-8"?>
<!-- Generated by org.testng.reporters.JUnitReportReporter -->
<testsuite hostname="DESKTOP-UE8LSC2" failures="0" tests="1" name="TEST_annotation.Launch_browser" time="6.070" errors="0" timestamp="2024-04-30T13:50:23 IST" skipped="0">
  <testcase classname="TEST_annotation.Launch_browser" name="login" time="6.070"/>
  <system-out/>
</testsuite> <!-- TEST_annotation.Launch_browser -->
