<?xml version="1.0" encoding="UTF-8"?>
<!-- Generated by org.testng.reporters.JUnitReportReporter -->
<testsuite hostname="DESKTOP-UE8LSC2" failures="0" tests="1" name="Data_driven_testing.Testcase1" time="1.199" errors="0" timestamp="2024-05-21T12:20:20 IST" skipped="0">
  <testcase classname="Data_driven_testing.Testcase1" name="DDT" time="1.199"/>
  <system-out/>
</testsuite> <!-- Data_driven_testing.Testcase1 -->
