<?xml version="1.0" encoding="UTF-8"?>
<!-- Generated by org.testng.reporters.JUnitReportReporter -->
<testsuite hostname="DESKTOP-UE8LSC2" failures="0" tests="3" name="TEST_annotation.Annotations_togather" time="0.033" errors="0" timestamp="2024-04-30T16:33:38 IST" skipped="0">
  <testcase classname="TEST_annotation.Annotations_togather" name="test1" time="0.021"/>
  <system-out/>
  <testcase classname="TEST_annotation.Annotations_togather" name="test2" time="0.006"/>
  <system-out/>
  <testcase classname="TEST_annotation.Annotations_togather" name="test3" time="0.006"/>
  <system-out/>
</testsuite> <!-- TEST_annotation.Annotations_togather -->
