<?xml version="1.0" encoding="UTF-8"?>
<!-- Generated by org.testng.reporters.JUnitReportReporter -->
<testsuite hostname="DESKTOP-UE8LSC2" failures="0" tests="1" name="pom_amazon_test.TestCase1_Amazon" time="11.927" errors="0" timestamp="2024-05-01T12:56:01 IST" skipped="0">
  <testcase classname="pom_amazon_test.TestCase1_Amazon" name="Login_To_Amazon_Email" time="11.927"/>
  <system-out/>
</testsuite> <!-- pom_amazon_test.TestCase1_Amazon -->
