<?xml version="1.0" encoding="UTF-8"?>
<!-- Generated by org.testng.reporters.JUnitReportReporter -->
<testsuite hostname="DESKTOP-UE8LSC2" failures="0" tests="1" name="project_test.Testcase1" time="13.862" errors="0" timestamp="2024-05-22T18:22:10 IST" skipped="0">
  <testcase classname="project_test.Testcase1" name="GTM" time="13.862"/>
  <system-out/>
</testsuite> <!-- project_test.Testcase1 -->
