<?xml version="1.0" encoding="UTF-8"?>
<!-- Generated by org.testng.reporters.JUnitReportReporter -->
<testsuite hostname="DESKTOP-UE8LSC2" failures="0" tests="1" name="grouping.Testcase3" time="9.620" errors="0" timestamp="2024-05-20T12:43:27 IST" skipped="0">
  <testcase classname="grouping.Testcase3" name="GTM" time="9.620"/>
  <system-out/>
</testsuite> <!-- grouping.Testcase3 -->
