<?xml version="1.0" encoding="UTF-8"?>
<!-- Generated by org.testng.reporters.JUnitReportReporter -->
<testsuite hostname="DESKTOP-UE8LSC2" failures="0" tests="1" name="practice_selenium.Practice_listener" time="17.159" errors="0" timestamp="2024-06-03T20:04:28 IST" skipped="0">
  <testcase classname="practice_selenium.Practice_listener" name="amazon" time="17.159"/>
  <system-out>
    <![CDATA[started]]>
  </system-out>
</testsuite> <!-- practice_selenium.Practice_listener -->
