<?xml version="1.0" encoding="UTF-8"?>
<!-- Generated by org.testng.reporters.JUnitReportReporter -->
<testsuite hostname="DESKTOP-UE8LSC2" failures="0" tests="2" name="itestlistner_testing.Testcase1" time="46.382" errors="0" timestamp="2024-05-24T12:51:21 IST" skipped="0">
  <testcase classname="itestlistner_testing.Testcase1" name="amazon_hoverover" time="18.274"/>
  <system-out>
    <![CDATA[test started
passed]]>
  </system-out>
  <testcase classname="itestlistner_testing.Testcase1" name="test2" time="28.108"/>
  <system-out>
    <![CDATA[test started
passed]]>
  </system-out>
</testsuite> <!-- itestlistner_testing.Testcase1 -->
