<?xml version="1.0" encoding="UTF-8"?>
<!-- Generated by org.testng.reporters.JUnitReportReporter -->
<testsuite hostname="DESKTOP-UE8LSC2" failures="0" tests="1" name="itestlistner_testing.Reporter_log" time="0.016" errors="0" timestamp="2024-05-21T13:16:24 IST" skipped="0">
  <testcase classname="itestlistner_testing.Reporter_log" name="reporterlog" time="0.016"/>
  <system-out>
    <![CDATA[passed]]>
  </system-out>
</testsuite> <!-- itestlistner_testing.Reporter_log -->
