<?xml version="1.0" encoding="UTF-8"?>
<!-- Generated by org.testng.reporters.JUnitReportReporter -->
<testsuite hostname="DESKTOP-UE8LSC2" failures="0" tests="1" name="grouping.Testcase1" time="17.265" errors="0" timestamp="2024-05-20T13:14:43 IST" skipped="0">
  <testcase classname="grouping.Testcase1" name="GTM" time="17.265"/>
  <system-out/>
</testsuite> <!-- grouping.Testcase1 -->
