<?xml version="1.0" encoding="UTF-8"?>
<!-- Generated by org.testng.reporters.JUnitReportReporter -->
<testsuite hostname="DESKTOP-UE8LSC2" failures="0" tests="1" name="grouping.Testcase4" time="9.785" errors="0" timestamp="2024-05-20T13:14:43 IST" skipped="0">
  <testcase classname="grouping.Testcase4" name="GTM" time="9.785"/>
  <system-out/>
</testsuite> <!-- grouping.Testcase4 -->
