<?xml version="1.0" encoding="UTF-8"?>
<!-- Generated by org.testng.reporters.JUnitReportReporter -->
<testsuite hostname="DESKTOP-UE8LSC2" failures="0" tests="3" name="TEST_annotation.Parameters_togather" time="61.724" errors="0" timestamp="2024-04-30T13:46:56 IST" skipped="0">
  <testcase classname="TEST_annotation.Parameters_togather" name="flipkart_login" time="31.643"/>
  <system-out/>
  <testcase classname="TEST_annotation.Parameters_togather" name="amazon_login" time="12.545"/>
  <system-out/>
  <testcase classname="TEST_annotation.Parameters_togather" name="amazon_login" time="17.536"/>
  <system-out/>
</testsuite> <!-- TEST_annotation.Parameters_togather -->
