<?xml version="1.0" encoding="UTF-8"?>
<!-- Generated by org.testng.reporters.JUnitReportReporter -->
<testsuite hostname="DESKTOP-UE8LSC2" failures="0" tests="2" name="project1.Maven_project.Data_provider_1_dimension" time="16.562" errors="0" timestamp="2024-05-20T17:03:30 IST" skipped="0">
  <testcase classname="project1.Maven_project.Data_provider_1_dimension" name="testcase_1" time="7.064"/>
  <system-out/>
  <testcase classname="project1.Maven_project.Data_provider_1_dimension" name="testcase_1" time="9.498"/>
  <system-out/>
</testsuite> <!-- project1.Maven_project.Data_provider_1_dimension -->
