<?xml version="1.0" encoding="UTF-8"?>
<!-- Generated by org.testng.reporters.JUnitReportReporter -->
<testsuite hostname="DESKTOP-UE8LSC2" failures="0" tests="1" name="grouping.Testcase2" time="15.232" errors="0" timestamp="2024-05-20T13:09:08 IST" skipped="0">
  <testcase classname="grouping.Testcase2" name="GTM" time="15.232"/>
  <system-out/>
</testsuite> <!-- grouping.Testcase2 -->
