<?xml version="1.0" encoding="UTF-8"?>
<!-- Generated by org.testng.reporters.JUnitReportReporter -->
<testsuite hostname="DESKTOP-UE8LSC2" failures="0" tests="1" name="amazon.Amazon_signin" time="42.048" errors="0" timestamp="2024-05-21T12:41:54 IST" skipped="0">
  <testcase classname="amazon.Amazon_signin" name="signin" time="42.048"/>
  <system-out/>
</testsuite> <!-- amazon.Amazon_signin -->
