<?xml version="1.0" encoding="UTF-8"?>
<!-- Generated by org.testng.reporters.JUnitReportReporter -->
<testsuite hostname="DESKTOP-UE8LSC2" failures="0" tests="1" name="amazon_project_test.Testcase1" time="24.917" errors="0" timestamp="2024-05-04T12:10:52 IST" skipped="0">
  <testcase classname="amazon_project_test.Testcase1" name="register_amazon" time="24.917"/>
  <system-out/>
</testsuite> <!-- amazon_project_test.Testcase1 -->
