<?xml version="1.0" encoding="UTF-8"?>
<!-- Generated by org.testng.reporters.JUnitReportReporter -->
<testsuite hostname="DESKTOP-UE8LSC2" failures="0" tests="1" name="Data_driven_testing.DDT_practice" time="29.612" errors="0" timestamp="2024-06-07T15:27:11 IST" skipped="0">
  <testcase classname="Data_driven_testing.DDT_practice" name="test" time="29.612"/>
  <system-out/>
</testsuite> <!-- Data_driven_testing.DDT_practice -->
