<?xml version="1.0" encoding="UTF-8"?>
<!-- Generated by org.testng.reporters.JUnitReportReporter -->
<testsuite hostname="DESKTOP-UE8LSC2" failures="0" tests="2" name="parallel_testing_1.Testcase3" time="44.306" errors="0" timestamp="2024-05-24T12:58:17 IST" skipped="0">
  <testcase classname="parallel_testing_1.Testcase3" name="amazon1" time="26.672"/>
  <system-out/>
  <testcase classname="parallel_testing_1.Testcase3" name="amazon1" time="17.634"/>
  <system-out/>
</testsuite> <!-- parallel_testing_1.Testcase3 -->
