<?xml version="1.0" encoding="UTF-8"?>
<!-- Generated by org.testng.reporters.JUnitReportReporter -->
<testsuite hostname="DESKTOP-UE8LSC2" failures="0" tests="1" name="ab39.location_of_element" time="25.934" errors="0" timestamp="2024-05-10T18:37:49 IST" skipped="0">
  <testcase classname="ab39.location_of_element" name="launch" time="25.934"/>
  <system-out/>
</testsuite> <!-- ab39.location_of_element -->
