<?xml version="1.0" encoding="UTF-8"?>
<!-- Generated by org.testng.reporters.JUnitReportReporter -->
<testsuite hostname="DESKTOP-UE8LSC2" failures="0" tests="1" name="exam.Testcase1" time="15.038" errors="0" timestamp="2024-05-21T21:13:01 IST" skipped="0">
  <testcase classname="exam.Testcase1" name="instagram" time="15.038"/>
  <system-out/>
</testsuite> <!-- exam.Testcase1 -->
