<?xml version="1.0" encoding="UTF-8"?>
<!-- Generated by org.testng.reporters.JUnitReportReporter -->
<testsuite hostname="DESKTOP-UE8LSC2" failures="0" tests="1" name="assertion.Flipkart_login" time="18.587" errors="0" timestamp="2024-05-05T22:17:35 IST" skipped="0">
  <testcase classname="assertion.Flipkart_login" name="login" time="18.587"/>
  <system-out/>
</testsuite> <!-- assertion.Flipkart_login -->
