<?xml version="1.0" encoding="UTF-8"?>
<!-- Generated by org.testng.reporters.JUnitReportReporter -->
<testsuite hostname="DESKTOP-UE8LSC2" failures="0" tests="2" name="selenium_viva.Program_1" time="94.349" errors="0" timestamp="2024-06-07T17:43:58 IST" skipped="0">
  <testcase classname="selenium_viva.Program_1" name="name" time="40.160"/>
  <system-out/>
  <testcase classname="selenium_viva.Program_1" name="name" time="54.189"/>
  <system-out/>
</testsuite> <!-- selenium_viva.Program_1 -->
