<?xml version="1.0" encoding="UTF-8"?>
<!-- Generated by org.testng.reporters.JUnitReportReporter -->
<testsuite hostname="DESKTOP-UE8LSC2" failures="0" tests="1" name="run_togather.Flipkart_login" time="28.027" errors="0" timestamp="2024-04-30T13:21:06 IST" skipped="0">
  <testcase classname="run_togather.Flipkart_login" name="flipkart_login" time="28.027"/>
  <system-out/>
</testsuite> <!-- run_togather.Flipkart_login -->
