<?xml version="1.0" encoding="UTF-8"?>
<!-- Generated by org.testng.reporters.JUnitReportReporter -->
<testsuite hostname="DESKTOP-UE8LSC2" failures="0" tests="2" name="retry_testing.Testcase1" time="34.503" errors="0" timestamp="2024-05-21T11:22:45 IST" skipped="1">
  <testcase classname="retry_testing.Testcase1" name="login" time="19.155"/>
  <system-out/>
  <testcase classname="retry_testing.Testcase1" name="login" time="15.348">
    <skipped/>
  </testcase> <!-- login -->
  <system-out/>
</testsuite> <!-- retry_testing.Testcase1 -->
