<?xml version="1.0" encoding="UTF-8"?>
<!-- Generated by org.testng.reporters.JUnitReportReporter -->
<testsuite hostname="DESKTOP-UE8LSC2" failures="0" tests="1" name="assertion.Amazon_login" time="24.475" errors="0" timestamp="2024-05-05T22:34:23 IST" skipped="0">
  <testcase classname="assertion.Amazon_login" name="login" time="24.475"/>
  <system-out/>
</testsuite> <!-- assertion.Amazon_login -->
