<?xml version="1.0" encoding="UTF-8"?>
<!-- Generated by org.testng.reporters.JUnitReportReporter -->
<testsuite hostname="DESKTOP-UE8LSC2" failures="0" tests="1" name="cross_browse_testing.Testcase1" time="10.319" errors="0" timestamp="2024-05-20T16:21:20 IST" skipped="0">
  <testcase classname="cross_browse_testing.Testcase1" name="GTM" time="10.319"/>
  <system-out/>
</testsuite> <!-- cross_browse_testing.Testcase1 -->
