<?xml version="1.0" encoding="UTF-8"?>
<!-- Generated by org.testng.reporters.JUnitReportReporter -->
<testsuite hostname="DESKTOP-UE8LSC2" failures="0" tests="1" name="Data_driven_testing.Amazon_signin" time="33.888" errors="0" timestamp="2024-05-21T12:56:39 IST" skipped="0">
  <testcase classname="Data_driven_testing.Amazon_signin" name="signin" time="33.888"/>
  <system-out/>
</testsuite> <!-- Data_driven_testing.Amazon_signin -->
