<?xml version="1.0" encoding="UTF-8"?>
<!-- Generated by org.testng.reporters.JUnitReportReporter -->
<testsuite hostname="DESKTOP-UE8LSC2" failures="0" tests="1" name="ab39.Switchcase" time="32.440" errors="0" timestamp="2024-05-20T13:31:06 IST" skipped="0">
  <testcase classname="ab39.Switchcase" name="testcase1" time="32.440"/>
  <system-out/>
</testsuite> <!-- ab39.Switchcase -->
