<?xml version="1.0" encoding="UTF-8"?>
<!-- Generated by org.testng.reporters.JUnitReportReporter -->
<testsuite hostname="DESKTOP-UE8LSC2" failures="0" tests="1" name="pom_amazon_test.TestCase1_Amazon" time="17.766" errors="0" timestamp="2024-04-29T18:43:00 IST" skipped="0">
  <testcase classname="pom_amazon_test.TestCase1_Amazon" name="Login_To_Amazon_Email" time="17.766"/>
  <system-out/>
</testsuite> <!-- pom_amazon_test.TestCase1_Amazon -->
